Using pre-set license
Built from '2022.3/staging' branch; Version is '2022.3.3f1 (7cdc2969a641) revision 8182825'; Using compiler version '192829333'; Build Type 'Release'
OS: 'Windows 11  (10.0.22621) 64bit Professional' Language: 'fi' Physical Memory: 32679 MB
BatchMode: 1, IsHumanControllingUs: 0, StartBugReporterOnCrash: 0, Is64bit: 1, IsPro: 1

COMMAND LINE ARGUMENTS:
C:\Program Files\Unity 2022.3.3f1\Editor\Unity.exe
-adb2
-batchMode
-noUpm
-name
AssetImportWorker7
-projectPath
E:/UNITY PELIT/TopDownShooter
-logFile
Logs/AssetImportWorker7.log
-srvPort
61180
Successfully changed project path to: E:/UNITY PELIT/TopDownShooter
E:/UNITY PELIT/TopDownShooter
[UnityMemory] Configuration Parameters - Can be set up in boot.config
    "memorysetup-bucket-allocator-granularity=16"
    "memorysetup-bucket-allocator-bucket-count=8"
    "memorysetup-bucket-allocator-block-size=33554432"
    "memorysetup-bucket-allocator-block-count=8"
    "memorysetup-main-allocator-block-size=16777216"
    "memorysetup-thread-allocator-block-size=16777216"
    "memorysetup-gfx-main-allocator-block-size=16777216"
    "memorysetup-gfx-thread-allocator-block-size=16777216"
    "memorysetup-cache-allocator-block-size=4194304"
    "memorysetup-typetree-allocator-block-size=2097152"
    "memorysetup-profiler-bucket-allocator-granularity=16"
    "memorysetup-profiler-bucket-allocator-bucket-count=8"
    "memorysetup-profiler-bucket-allocator-block-size=33554432"
    "memorysetup-profiler-bucket-allocator-block-count=8"
    "memorysetup-profiler-allocator-block-size=16777216"
    "memorysetup-profiler-editor-allocator-block-size=1048576"
    "memorysetup-temp-allocator-size-main=16777216"
    "memorysetup-job-temp-allocator-block-size=2097152"
    "memorysetup-job-temp-allocator-block-size-background=1048576"
    "memorysetup-job-temp-allocator-reduction-small-platforms=262144"
    "memorysetup-allocator-temp-initial-block-size-main=262144"
    "memorysetup-allocator-temp-initial-block-size-worker=262144"
    "memorysetup-temp-allocator-size-background-worker=32768"
    "memorysetup-temp-allocator-size-job-worker=262144"
    "memorysetup-temp-allocator-size-preload-manager=33554432"
    "memorysetup-temp-allocator-size-nav-mesh-worker=65536"
    "memorysetup-temp-allocator-size-audio-worker=65536"
    "memorysetup-temp-allocator-size-cloud-worker=32768"
    "memorysetup-temp-allocator-size-gi-baking-worker=262144"
    "memorysetup-temp-allocator-size-gfx=262144"
Player connection [35516] Host "[IP] 192.168.0.239 [Port] 0 [Flags] 2 [Guid] 2807012298 [EditorId] 2807012298 [Version] 1048832 [Id] WindowsEditor(7,OmaKoneSMP) [Debug] 1 [PackageName] WindowsEditor [ProjectName] Editor" joined multi-casting on [225.0.0.222:54997]...

Player connection [35516] Host "[IP] 192.168.0.239 [Port] 0 [Flags] 2 [Guid] 2807012298 [EditorId] 2807012298 [Version] 1048832 [Id] WindowsEditor(7,OmaKoneSMP) [Debug] 1 [PackageName] WindowsEditor [ProjectName] Editor" joined alternative multi-casting on [225.0.0.222:34997]...

Refreshing native plugins compatible for Editor in 7.50 ms, found 3 plugins.
Preloading 0 native plugins for Editor in 0.00 ms.
Initialize engine version: 2022.3.3f1 (7cdc2969a641)
[Subsystems] Discovering subsystems at path C:/Program Files/Unity 2022.3.3f1/Editor/Data/Resources/UnitySubsystems
[Subsystems] Discovering subsystems at path E:/UNITY PELIT/TopDownShooter/Assets
GfxDevice: creating device client; threaded=0; jobified=0
Direct3D:
    Version:  Direct3D 11.0 [level 11.1]
    Renderer: NVIDIA GeForce RTX 3070 (ID=0x2488)
    Vendor:   NVIDIA
    VRAM:     8031 MB
    Driver:   31.0.15.3667
Initialize mono
Mono path[0] = 'C:/Program Files/Unity 2022.3.3f1/Editor/Data/Managed'
Mono path[1] = 'C:/Program Files/Unity 2022.3.3f1/Editor/Data/MonoBleedingEdge/lib/mono/unityjit-win32'
Mono config path = 'C:/Program Files/Unity 2022.3.3f1/Editor/Data/MonoBleedingEdge/etc'
Using monoOptions --debugger-agent=transport=dt_socket,embedding=1,server=y,suspend=n,address=127.0.0.1:56092
Begin MonoManager ReloadAssembly
Registering precompiled unity dll's ...
Register platform support module: C:/Program Files/Unity 2022.3.3f1/Editor/Data/PlaybackEngines/WindowsStandaloneSupport/UnityEditor.WindowsStandalone.Extensions.dll
Registered in 0.003925 seconds.
- Loaded All Assemblies, in  0.232 seconds
Native extension for WindowsStandalone target not found
Mono: successfully reloaded assembly
- Finished resetting the current domain, in  0.197 seconds
Domain Reload Profiling: 429ms
	BeginReloadAssembly (64ms)
		ExecutionOrderSort (0ms)
		DisableScriptedObjects (0ms)
		BackupInstance (0ms)
		ReleaseScriptingObjects (0ms)
		CreateAndSetChildDomain (1ms)
	RebuildCommonClasses (25ms)
	RebuildNativeTypeToScriptingClass (7ms)
	initialDomainReloadingComplete (41ms)
	LoadAllAssembliesAndSetupDomain (93ms)
		LoadAssemblies (63ms)
		RebuildTransferFunctionScriptingTraits (0ms)
		AnalyzeDomain (89ms)
			TypeCache.Refresh (88ms)
				TypeCache.ScanAssembly (80ms)
			ScanForSourceGeneratedMonoScriptInfo (0ms)
			ResolveRequiredComponents (0ms)
	FinalizeReload (198ms)
		ReleaseScriptCaches (0ms)
		RebuildScriptCaches (0ms)
		SetupLoadedEditorAssemblies (155ms)
			LogAssemblyErrors (0ms)
			InitializePlatformSupportModulesInManaged (6ms)
			SetLoadedEditorAssemblies (6ms)
			RefreshPlugins (0ms)
			BeforeProcessingInitializeOnLoad (2ms)
			ProcessInitializeOnLoadAttributes (103ms)
			ProcessInitializeOnLoadMethodAttributes (38ms)
			AfterProcessingInitializeOnLoad (0ms)
			EditorAssembliesLoaded (0ms)
		ExecutionOrderSort2 (0ms)
		AwakeInstancesAfterBackupRestoration (0ms)
========================================================================
Worker process is ready to serve import requests
Begin MonoManager ReloadAssembly
Symbol file LoadedFromMemory doesn't match image E:\UNITY PELIT\TopDownShooter\Library\PackageCache\com.unity.visualscripting@1.8.0\Editor\VisualScripting.Core\Dependencies\YamlDotNet\Unity.VisualScripting.YamlDotNet.dll
Symbol file LoadedFromMemory doesn't match image E:\UNITY PELIT\TopDownShooter\Library\PackageCache\com.unity.visualscripting@1.8.0\Editor\VisualScripting.Core\Dependencies\DotNetZip\Unity.VisualScripting.IonicZip.dll
- Loaded All Assemblies, in  0.528 seconds
Refreshing native plugins compatible for Editor in 3.62 ms, found 3 plugins.
Native extension for WindowsStandalone target not found
Mono: successfully reloaded assembly
- Finished resetting the current domain, in  0.370 seconds
Domain Reload Profiling: 895ms
	BeginReloadAssembly (92ms)
		ExecutionOrderSort (0ms)
		DisableScriptedObjects (4ms)
		BackupInstance (0ms)
		ReleaseScriptingObjects (0ms)
		CreateAndSetChildDomain (15ms)
	RebuildCommonClasses (23ms)
	RebuildNativeTypeToScriptingClass (8ms)
	initialDomainReloadingComplete (32ms)
	LoadAllAssembliesAndSetupDomain (370ms)
		LoadAssemblies (218ms)
		RebuildTransferFunctionScriptingTraits (0ms)
		AnalyzeDomain (193ms)
			TypeCache.Refresh (181ms)
				TypeCache.ScanAssembly (173ms)
			ScanForSourceGeneratedMonoScriptInfo (10ms)
			ResolveRequiredComponents (3ms)
	FinalizeReload (370ms)
		ReleaseScriptCaches (0ms)
		RebuildScriptCaches (0ms)
		SetupLoadedEditorAssemblies (264ms)
			LogAssemblyErrors (0ms)
			InitializePlatformSupportModulesInManaged (4ms)
			SetLoadedEditorAssemblies (3ms)
			RefreshPlugins (0ms)
			BeforeProcessingInitializeOnLoad (51ms)
			ProcessInitializeOnLoadAttributes (188ms)
			ProcessInitializeOnLoadMethodAttributes (14ms)
			AfterProcessingInitializeOnLoad (4ms)
			EditorAssembliesLoaded (0ms)
		ExecutionOrderSort2 (0ms)
		AwakeInstancesAfterBackupRestoration (6ms)
Launched and connected shader compiler UnityShaderCompiler.exe after 0.04 seconds
Refreshing native plugins compatible for Editor in 3.58 ms, found 3 plugins.
Preloading 0 native plugins for Editor in 0.00 ms.
Unloading 3075 Unused Serialized files (Serialized files now loaded: 0)
Unloading 31 unused Assets / (56.2 KB). Loaded Objects now: 3542.
Memory consumption went from 116.1 MB to 116.1 MB.
Total: 2.357500 ms (FindLiveObjects: 0.179700 ms CreateObjectMapping: 0.084200 ms MarkObjects: 2.019600 ms  DeleteObjects: 0.073300 ms)

AssetImportParameters requested are different than current active one (requested -> active):
  custom:scripting/monoscript/fileName/CFX_SpawnSystem.cs: da90548e33a5ac9767c2ab325529961a -> 
  custom:container-demuxer-ogg: 62fdf1f143b41e24485cea50d1cbac27 -> 
  custom:scripting/monoscript/fileName/Shooting.cs: 53d7b1fc67c732f428feb60d2cea9e7d -> 6f7bde76e6bcb06e92f7792c41237c79
  custom:video-decoder-ogg-theora: a1e56fd34408186e4bbccfd4996cb3dc -> 
  custom:framework-win-MediaFoundation: 216162199b28c13a410421893ffa2e32 -> 
  custom:scripting/monoscript/fileName/CFXEasyEditor.cs: 975509eb43d0b0d90d19d984ce47d25d -> 
  custom:scripting/monoscript/fileName/WFX_Demo_RandomDir.cs: 83412d56870e7b7abf13729c1e4f5956 -> 
  custom:scripting/monoscript/fileName/CFX_Demo_RandomDir.cs: 06fce4b0d835d8793ccf8307925e464f -> 
  custom:scripting/monoscript/fileName/WFX_LightFlicker.cs: 1dfc4e18a67da64c518b9518e62ac4fe -> 
  custom:scripting/monoscript/fileName/CFX_SpawnSystemEditor.cs: 8ef4ed7f7ca5c207cc3108bdafbacf7e -> 
  custom:container-demuxer-webm: 4f35f7cbe854078d1ac9338744f61a02 -> 
  custom:scripting/monoscript/fileName/CFX_Demo_RotateCamera.cs: 1b6c7bbcbc0a01f776aafda62612b729 -> 
  custom:scripting/monoscript/fileName/WFX_Demo_DeleteAfterDelay.cs: a8456c85d9636ec3b34432ce15771790 -> 
  custom:scripting/monoscript/fileName/WFX_BulletHoleDecal.cs: b2a50a5c52cc82fa50f26101cc423417 -> 
  custom:container-muxer-webm: aa71ff27fc2769a1b78a27578f13a17b -> 
  custom:scripting/monoscript/fileName/WFX_Demo_Wall.cs: ebe32a1844666a18dc6e88646d62cdf3 -> 
  custom:video-decoder-webm-vp8: 9c59270c3fd7afecdb556c50c9e8de78 -> 
  custom:scripting/monoscript/fileName/CFX_AutoStopLoopedEffect.cs: 0a1116784d96426e30ae544ef0d48111 -> 
  custom:AudioImporter_EditorPlatform: d09bf68614088b80899f8185d706f6e7 -> 
  custom:video-encoder-webm-vp8: eb34c28f22e8b96e1ab97ce403110664 -> 
  custom:scripting/monoscript/fileName/CFX_LightIntensityFade.cs: cdc33b13e94fac5095d515fc63c5bc75 -> 
  custom:audio-decoder-ogg-vorbis: bf7c407c2cedff20999df2af8eb42d56 -> 
  custom:scripting/monoscript/fileName/Bullet.cs: 48ff13ede6c310cc0acf4a30e818a1de -> a4f5918e799041ba1f6608f13912eb8b
  custom:scripting/monoscript/fileName/WFX_Demo.cs: 16a8c51f1dc0063656a39d0352fd910f -> 
  custom:scripting/monoscript/fileName/CFX_Demo_Translate.cs: c85e572516e08f311291871f16fd4e55 -> 
  custom:audio-encoder-webm-vorbis: bf7c407c2cedff20999df2af8eb42d56 -> 
  custom:scripting/monoscript/fileName/CFX_AutoDestructShuriken.cs: 7d622660cad3b608810f352fdbc5d485 -> 
  custom:scripting/monoscript/fileName/WFX_Demo_New.cs: 225d44912cd20a0c8b007d7146330c83 -> 
========================================================================
Received Import Request.
  Time since last request: 850373.859643 seconds.
  path: Assets/Nokobot/Modern Guns - Handgun/Meshes/M1911 Magazine.fbx
  artifactKey: Guid(40ea87bfb6dc64349a6b3363f1955b6a) Importer(815301076,1909f56bfc062723c751e8b465ee728b)
Start importing Assets/Nokobot/Modern Guns - Handgun/Meshes/M1911 Magazine.fbx using Guid(40ea87bfb6dc64349a6b3363f1955b6a) Importer(815301076,1909f56bfc062723c751e8b465ee728b)  -> (artifact id: 'd2a1146962c20b5c83e894bba6e101e0') in 0.136010 seconds
Number of updated asset objects reloaded before import = 0
Number of asset objects unloaded after import = 11
========================================================================
Received Import Request.
  Time since last request: 3.238947 seconds.
  path: Assets/Nokobot/Modern Guns - Handgun/Materials/M1911 Handgun_Steel.mat
  artifactKey: Guid(a22ca1073de33674b8cd0036fcb92947) Importer(815301076,1909f56bfc062723c751e8b465ee728b)
Start importing Assets/Nokobot/Modern Guns - Handgun/Materials/M1911 Handgun_Steel.mat using Guid(a22ca1073de33674b8cd0036fcb92947) Importer(815301076,1909f56bfc062723c751e8b465ee728b)  -> (artifact id: 'e92d2f20552a41a2f58b6a0fdcbeda93') in 0.053548 seconds
Number of updated asset objects reloaded before import = 0
Number of asset objects unloaded after import = 4
========================================================================
Received Import Request.
  Time since last request: 9.779671 seconds.
  path: Assets/Nokobot/Modern Guns - Handgun/_Prefabs/Handgun Black/M1911 Magazine_Black.prefab
  artifactKey: Guid(1630d9b67160caa44aad0385aa9bf476) Importer(815301076,1909f56bfc062723c751e8b465ee728b)
Start importing Assets/Nokobot/Modern Guns - Handgun/_Prefabs/Handgun Black/M1911 Magazine_Black.prefab using Guid(1630d9b67160caa44aad0385aa9bf476) Importer(815301076,1909f56bfc062723c751e8b465ee728b)  -> (artifact id: '72faa77e8ff346d9010b9bdcfd49045d') in 0.029855 seconds
Number of updated asset objects reloaded before import = 0
Number of asset objects unloaded after import = 30
========================================================================
Received Import Request.
  Time since last request: 0.000010 seconds.
  path: Assets/Nokobot/Modern Guns - Handgun/_Prefabs/Handgun Black/M1911 Magazine_Black_Full.prefab
  artifactKey: Guid(3891d67bd4812e34db02888d6b7ae428) Importer(815301076,1909f56bfc062723c751e8b465ee728b)
Start importing Assets/Nokobot/Modern Guns - Handgun/_Prefabs/Handgun Black/M1911 Magazine_Black_Full.prefab using Guid(3891d67bd4812e34db02888d6b7ae428) Importer(815301076,1909f56bfc062723c751e8b465ee728b)  -> (artifact id: 'c151d8efda5d7fd3255182f2b97b0edf') in 0.025869 seconds
Number of updated asset objects reloaded before import = 0
Number of asset objects unloaded after import = 127
========================================================================
Received Import Request.
  Time since last request: 2.383218 seconds.
  path: Assets/Nokobot/Modern Guns - Handgun/_Prefabs/Handgun Silver/M1911 Magazine_Silver.prefab
  artifactKey: Guid(b5c250cf857e87546bfae19a751f3c92) Importer(815301076,1909f56bfc062723c751e8b465ee728b)
Start importing Assets/Nokobot/Modern Guns - Handgun/_Prefabs/Handgun Silver/M1911 Magazine_Silver.prefab using Guid(b5c250cf857e87546bfae19a751f3c92) Importer(815301076,1909f56bfc062723c751e8b465ee728b)  -> (artifact id: 'a8e288d9e0b3bdc7a6dc5c38f3800ab3') in 0.023449 seconds
Number of updated asset objects reloaded before import = 0
Number of asset objects unloaded after import = 28
========================================================================
Received Import Request.
  Time since last request: 0.000011 seconds.
  path: Assets/Nokobot/Modern Guns - Handgun/_Prefabs/Handgun Silver/M1911 Magazine_Silver_Full.prefab
  artifactKey: Guid(383b1a391f98da5478a7dddc283414a8) Importer(815301076,1909f56bfc062723c751e8b465ee728b)
Start importing Assets/Nokobot/Modern Guns - Handgun/_Prefabs/Handgun Silver/M1911 Magazine_Silver_Full.prefab using Guid(383b1a391f98da5478a7dddc283414a8) Importer(815301076,1909f56bfc062723c751e8b465ee728b)  -> (artifact id: '0ad01bfe620e4241c29bba4a45bd7333') in 0.021411 seconds
Number of updated asset objects reloaded before import = 0
Number of asset objects unloaded after import = 125
========================================================================
Received Import Request.
  Time since last request: 2.836799 seconds.
  path: Assets/Nokobot/Modern Guns - Handgun/Effects/MuzzleFlash_SpriteSheet.png
  artifactKey: Guid(6fc0c6421525c1844804ab1d17f1adda) Importer(815301076,1909f56bfc062723c751e8b465ee728b)
Start importing Assets/Nokobot/Modern Guns - Handgun/Effects/MuzzleFlash_SpriteSheet.png using Guid(6fc0c6421525c1844804ab1d17f1adda) Importer(815301076,1909f56bfc062723c751e8b465ee728b)  -> (artifact id: '474b7a18a0d54836a86ee8b6a1d474b9') in 0.022651 seconds
Number of updated asset objects reloaded before import = 0
Number of asset objects unloaded after import = 2
Editor requested this worker to shutdown with reason: Scaling down because of idle timeout
TcpMessagingSession - receive error: operation aborted. errorcode: 995, details: I/O-toiminto keskeytettiin joko säikeen poistumisen tai sovelluksen pyynnön vuoksi.
AssetImportWorker is now disconnected from the server
Process exiting
Exiting without the bug reporter. Application will terminate with return code 0