Using pre-set license
Built from '2022.3/staging' branch; Version is '2022.3.3f1 (7cdc2969a641) revision 8182825'; Using compiler version '192829333'; Build Type 'Release'
OS: 'Windows 11  (10.0.22621) 64bit Professional' Language: 'fi' Physical Memory: 32679 MB
BatchMode: 1, IsHumanControllingUs: 0, StartBugReporterOnCrash: 0, Is64bit: 1, IsPro: 1

COMMAND LINE ARGUMENTS:
C:\Program Files\Unity 2022.3.3f1\Editor\Unity.exe
-adb2
-batchMode
-noUpm
-name
AssetImportWorker4
-projectPath
E:/UNITY PELIT/TopDownShooter
-logFile
Logs/AssetImportWorker4.log
-srvPort
61180
Successfully changed project path to: E:/UNITY PELIT/TopDownShooter
E:/UNITY PELIT/TopDownShooter
[UnityMemory] Configuration Parameters - Can be set up in boot.config
    "memorysetup-bucket-allocator-granularity=16"
    "memorysetup-bucket-allocator-bucket-count=8"
    "memorysetup-bucket-allocator-block-size=33554432"
    "memorysetup-bucket-allocator-block-count=8"
    "memorysetup-main-allocator-block-size=16777216"
    "memorysetup-thread-allocator-block-size=16777216"
    "memorysetup-gfx-main-allocator-block-size=16777216"
    "memorysetup-gfx-thread-allocator-block-size=16777216"
    "memorysetup-cache-allocator-block-size=4194304"
    "memorysetup-typetree-allocator-block-size=2097152"
    "memorysetup-profiler-bucket-allocator-granularity=16"
    "memorysetup-profiler-bucket-allocator-bucket-count=8"
    "memorysetup-profiler-bucket-allocator-block-size=33554432"
    "memorysetup-profiler-bucket-allocator-block-count=8"
    "memorysetup-profiler-allocator-block-size=16777216"
    "memorysetup-profiler-editor-allocator-block-size=1048576"
    "memorysetup-temp-allocator-size-main=16777216"
    "memorysetup-job-temp-allocator-block-size=2097152"
    "memorysetup-job-temp-allocator-block-size-background=1048576"
    "memorysetup-job-temp-allocator-reduction-small-platforms=262144"
    "memorysetup-allocator-temp-initial-block-size-main=262144"
    "memorysetup-allocator-temp-initial-block-size-worker=262144"
    "memorysetup-temp-allocator-size-background-worker=32768"
    "memorysetup-temp-allocator-size-job-worker=262144"
    "memorysetup-temp-allocator-size-preload-manager=33554432"
    "memorysetup-temp-allocator-size-nav-mesh-worker=65536"
    "memorysetup-temp-allocator-size-audio-worker=65536"
    "memorysetup-temp-allocator-size-cloud-worker=32768"
    "memorysetup-temp-allocator-size-gi-baking-worker=262144"
    "memorysetup-temp-allocator-size-gfx=262144"
Player connection [312] Host "[IP] 192.168.0.239 [Port] 0 [Flags] 2 [Guid] 2259890841 [EditorId] 2259890841 [Version] 1048832 [Id] WindowsEditor(7,OmaKoneSMP) [Debug] 1 [PackageName] WindowsEditor [ProjectName] Editor" joined multi-casting on [225.0.0.222:54997]...

Player connection [312] Host "[IP] 192.168.0.239 [Port] 0 [Flags] 2 [Guid] 2259890841 [EditorId] 2259890841 [Version] 1048832 [Id] WindowsEditor(7,OmaKoneSMP) [Debug] 1 [PackageName] WindowsEditor [ProjectName] Editor" joined alternative multi-casting on [225.0.0.222:34997]...

Refreshing native plugins compatible for Editor in 13.01 ms, found 3 plugins.
Preloading 0 native plugins for Editor in 0.00 ms.
Initialize engine version: 2022.3.3f1 (7cdc2969a641)
[Subsystems] Discovering subsystems at path C:/Program Files/Unity 2022.3.3f1/Editor/Data/Resources/UnitySubsystems
[Subsystems] Discovering subsystems at path E:/UNITY PELIT/TopDownShooter/Assets
GfxDevice: creating device client; threaded=0; jobified=0
Direct3D:
    Version:  Direct3D 11.0 [level 11.1]
    Renderer: NVIDIA GeForce RTX 3070 (ID=0x2488)
    Vendor:   NVIDIA
    VRAM:     8031 MB
    Driver:   31.0.15.3667
Initialize mono
Mono path[0] = 'C:/Program Files/Unity 2022.3.3f1/Editor/Data/Managed'
Mono path[1] = 'C:/Program Files/Unity 2022.3.3f1/Editor/Data/MonoBleedingEdge/lib/mono/unityjit-win32'
Mono config path = 'C:/Program Files/Unity 2022.3.3f1/Editor/Data/MonoBleedingEdge/etc'
Using monoOptions --debugger-agent=transport=dt_socket,embedding=1,server=y,suspend=n,address=127.0.0.1:56568
Begin MonoManager ReloadAssembly
Registering precompiled unity dll's ...
Register platform support module: C:/Program Files/Unity 2022.3.3f1/Editor/Data/PlaybackEngines/WindowsStandaloneSupport/UnityEditor.WindowsStandalone.Extensions.dll
Registered in 0.004298 seconds.
- Loaded All Assemblies, in  0.269 seconds
Native extension for WindowsStandalone target not found
Mono: successfully reloaded assembly
- Finished resetting the current domain, in  0.195 seconds
Domain Reload Profiling: 462ms
	BeginReloadAssembly (70ms)
		ExecutionOrderSort (0ms)
		DisableScriptedObjects (0ms)
		BackupInstance (0ms)
		ReleaseScriptingObjects (0ms)
		CreateAndSetChildDomain (1ms)
	RebuildCommonClasses (34ms)
	RebuildNativeTypeToScriptingClass (8ms)
	initialDomainReloadingComplete (50ms)
	LoadAllAssembliesAndSetupDomain (106ms)
		LoadAssemblies (67ms)
		RebuildTransferFunctionScriptingTraits (0ms)
		AnalyzeDomain (100ms)
			TypeCache.Refresh (100ms)
				TypeCache.ScanAssembly (92ms)
			ScanForSourceGeneratedMonoScriptInfo (0ms)
			ResolveRequiredComponents (0ms)
	FinalizeReload (195ms)
		ReleaseScriptCaches (0ms)
		RebuildScriptCaches (0ms)
		SetupLoadedEditorAssemblies (153ms)
			LogAssemblyErrors (0ms)
			InitializePlatformSupportModulesInManaged (6ms)
			SetLoadedEditorAssemblies (6ms)
			RefreshPlugins (0ms)
			BeforeProcessingInitializeOnLoad (2ms)
			ProcessInitializeOnLoadAttributes (103ms)
			ProcessInitializeOnLoadMethodAttributes (36ms)
			AfterProcessingInitializeOnLoad (0ms)
			EditorAssembliesLoaded (0ms)
		ExecutionOrderSort2 (0ms)
		AwakeInstancesAfterBackupRestoration (0ms)
========================================================================
Worker process is ready to serve import requests
Begin MonoManager ReloadAssembly
Symbol file LoadedFromMemory doesn't match image E:\UNITY PELIT\TopDownShooter\Library\PackageCache\com.unity.visualscripting@1.8.0\Editor\VisualScripting.Core\Dependencies\YamlDotNet\Unity.VisualScripting.YamlDotNet.dll
Symbol file LoadedFromMemory doesn't match image E:\UNITY PELIT\TopDownShooter\Library\PackageCache\com.unity.visualscripting@1.8.0\Editor\VisualScripting.Core\Dependencies\DotNetZip\Unity.VisualScripting.IonicZip.dll
- Loaded All Assemblies, in  0.526 seconds
Refreshing native plugins compatible for Editor in 3.58 ms, found 3 plugins.
Native extension for WindowsStandalone target not found
Mono: successfully reloaded assembly
- Finished resetting the current domain, in  0.369 seconds
Domain Reload Profiling: 892ms
	BeginReloadAssembly (90ms)
		ExecutionOrderSort (0ms)
		DisableScriptedObjects (4ms)
		BackupInstance (0ms)
		ReleaseScriptingObjects (0ms)
		CreateAndSetChildDomain (15ms)
	RebuildCommonClasses (23ms)
	RebuildNativeTypeToScriptingClass (7ms)
	initialDomainReloadingComplete (32ms)
	LoadAllAssembliesAndSetupDomain (371ms)
		LoadAssemblies (217ms)
		RebuildTransferFunctionScriptingTraits (0ms)
		AnalyzeDomain (193ms)
			TypeCache.Refresh (181ms)
				TypeCache.ScanAssembly (173ms)
			ScanForSourceGeneratedMonoScriptInfo (10ms)
			ResolveRequiredComponents (3ms)
	FinalizeReload (369ms)
		ReleaseScriptCaches (0ms)
		RebuildScriptCaches (0ms)
		SetupLoadedEditorAssemblies (266ms)
			LogAssemblyErrors (0ms)
			InitializePlatformSupportModulesInManaged (4ms)
			SetLoadedEditorAssemblies (3ms)
			RefreshPlugins (0ms)
			BeforeProcessingInitializeOnLoad (52ms)
			ProcessInitializeOnLoadAttributes (190ms)
			ProcessInitializeOnLoadMethodAttributes (14ms)
			AfterProcessingInitializeOnLoad (4ms)
			EditorAssembliesLoaded (0ms)
		ExecutionOrderSort2 (0ms)
		AwakeInstancesAfterBackupRestoration (5ms)
Launched and connected shader compiler UnityShaderCompiler.exe after 0.04 seconds
Refreshing native plugins compatible for Editor in 3.42 ms, found 3 plugins.
Preloading 0 native plugins for Editor in 0.00 ms.
Unloading 3067 Unused Serialized files (Serialized files now loaded: 0)
Unloading 31 unused Assets / (56.6 KB). Loaded Objects now: 3532.
Memory consumption went from 115.7 MB to 115.7 MB.
Total: 2.325200 ms (FindLiveObjects: 0.148200 ms CreateObjectMapping: 0.070100 ms MarkObjects: 2.033500 ms  DeleteObjects: 0.072700 ms)

AssetImportParameters requested are different than current active one (requested -> active):
  custom:scripting/monoscript/fileName/CFX_SpawnSystem.cs: da90548e33a5ac9767c2ab325529961a -> 
  custom:container-demuxer-ogg: 62fdf1f143b41e24485cea50d1cbac27 -> 
  custom:video-decoder-ogg-theora: a1e56fd34408186e4bbccfd4996cb3dc -> 
  custom:framework-win-MediaFoundation: 216162199b28c13a410421893ffa2e32 -> 
  custom:scripting/monoscript/fileName/CFXEasyEditor.cs: 975509eb43d0b0d90d19d984ce47d25d -> 
  custom:scripting/monoscript/fileName/WFX_Demo_RandomDir.cs: 83412d56870e7b7abf13729c1e4f5956 -> 
  custom:scripting/monoscript/fileName/CFX_Demo_RandomDir.cs: 06fce4b0d835d8793ccf8307925e464f -> 
  custom:scripting/monoscript/fileName/WFX_LightFlicker.cs: 1dfc4e18a67da64c518b9518e62ac4fe -> 
  custom:scripting/monoscript/fileName/CFX_SpawnSystemEditor.cs: 8ef4ed7f7ca5c207cc3108bdafbacf7e -> 
  custom:container-demuxer-webm: 4f35f7cbe854078d1ac9338744f61a02 -> 
  custom:scripting/monoscript/fileName/CFX_Demo_RotateCamera.cs: 1b6c7bbcbc0a01f776aafda62612b729 -> 
  custom:scripting/monoscript/fileName/WFX_Demo_DeleteAfterDelay.cs: a8456c85d9636ec3b34432ce15771790 -> 
  custom:scripting/monoscript/fileName/WFX_BulletHoleDecal.cs: b2a50a5c52cc82fa50f26101cc423417 -> 
  custom:container-muxer-webm: aa71ff27fc2769a1b78a27578f13a17b -> 
  custom:scripting/monoscript/fileName/WFX_Demo_Wall.cs: ebe32a1844666a18dc6e88646d62cdf3 -> 
  custom:video-decoder-webm-vp8: 9c59270c3fd7afecdb556c50c9e8de78 -> 
  custom:scripting/monoscript/fileName/CFX_AutoStopLoopedEffect.cs: 0a1116784d96426e30ae544ef0d48111 -> 
  custom:AudioImporter_EditorPlatform: d09bf68614088b80899f8185d706f6e7 -> 
  custom:video-encoder-webm-vp8: eb34c28f22e8b96e1ab97ce403110664 -> 
  custom:scripting/monoscript/fileName/CFX_LightIntensityFade.cs: cdc33b13e94fac5095d515fc63c5bc75 -> 
  custom:audio-decoder-ogg-vorbis: bf7c407c2cedff20999df2af8eb42d56 -> 
  custom:scripting/monoscript/fileName/WFX_Demo.cs: 16a8c51f1dc0063656a39d0352fd910f -> 
  custom:scripting/monoscript/fileName/CFX_Demo_Translate.cs: c85e572516e08f311291871f16fd4e55 -> 
  custom:audio-encoder-webm-vorbis: bf7c407c2cedff20999df2af8eb42d56 -> 
  custom:scripting/monoscript/fileName/CFX_AutoDestructShuriken.cs: 7d622660cad3b608810f352fdbc5d485 -> 
  custom:scripting/monoscript/fileName/WFX_Demo_New.cs: 225d44912cd20a0c8b007d7146330c83 -> 
========================================================================
Received Import Request.
  Time since last request: 843608.801969 seconds.
  path: Assets/sprite muzzle flashes/Red
  artifactKey: Guid(ecda5663d4a1a214d952100560581e85) Importer(815301076,1909f56bfc062723c751e8b465ee728b)
Start importing Assets/sprite muzzle flashes/Red using Guid(ecda5663d4a1a214d952100560581e85) Importer(815301076,1909f56bfc062723c751e8b465ee728b)  -> (artifact id: '6d635ce06ef7f52fcef3a81b036f6097') in 0.002047 seconds
Number of updated asset objects reloaded before import = 0
Number of asset objects unloaded after import = 0
========================================================================
Received Import Request.
  Time since last request: 0.988759 seconds.
  path: Assets/sprite muzzle flashes/Red/ef_1
  artifactKey: Guid(669e418612dd5ef4b81e11b4e2c37294) Importer(815301076,1909f56bfc062723c751e8b465ee728b)
Start importing Assets/sprite muzzle flashes/Red/ef_1 using Guid(669e418612dd5ef4b81e11b4e2c37294) Importer(815301076,1909f56bfc062723c751e8b465ee728b)  -> (artifact id: 'ffadef3b6da83a03834c08031ff2eaf1') in 0.000365 seconds
Number of updated asset objects reloaded before import = 0
Number of asset objects unloaded after import = 0
========================================================================
Received Import Request.
  Time since last request: 0.070054 seconds.
  path: Assets/sprite muzzle flashes/Red/ef_1/ef_1_00000.png
  artifactKey: Guid(b903492db4e935f42b0048b5be61efca) Importer(815301076,1909f56bfc062723c751e8b465ee728b)
Start importing Assets/sprite muzzle flashes/Red/ef_1/ef_1_00000.png using Guid(b903492db4e935f42b0048b5be61efca) Importer(815301076,1909f56bfc062723c751e8b465ee728b)  -> (artifact id: '5e05d5c36f1f4c76b3d2a99cf9547602') in 0.097214 seconds
Number of updated asset objects reloaded before import = 0
Number of asset objects unloaded after import = 3
========================================================================
Received Import Request.
  Time since last request: 4.789617 seconds.
  path: Assets/sprite muzzle flashes/Red/ef_2
  artifactKey: Guid(6a6c8a9af673f32478de9db38b628332) Importer(815301076,1909f56bfc062723c751e8b465ee728b)
Start importing Assets/sprite muzzle flashes/Red/ef_2 using Guid(6a6c8a9af673f32478de9db38b628332) Importer(815301076,1909f56bfc062723c751e8b465ee728b)  -> (artifact id: 'a5b32d2fcfdcdb0a159c1b09dec1e494') in 0.000529 seconds
Number of updated asset objects reloaded before import = 0
Number of asset objects unloaded after import = 0
========================================================================
Received Import Request.
  Time since last request: 0.059860 seconds.
  path: Assets/sprite muzzle flashes/Red/ef_2/ef_2_00000.png
  artifactKey: Guid(8eeeee4dae320ac4fbc86c72ae86b78d) Importer(815301076,1909f56bfc062723c751e8b465ee728b)
Start importing Assets/sprite muzzle flashes/Red/ef_2/ef_2_00000.png using Guid(8eeeee4dae320ac4fbc86c72ae86b78d) Importer(815301076,1909f56bfc062723c751e8b465ee728b)  -> (artifact id: '7c4f0a006d8103862029921d3abd1531') in 0.043235 seconds
Number of updated asset objects reloaded before import = 0
Number of asset objects unloaded after import = 3
========================================================================
Received Import Request.
  Time since last request: 2.370054 seconds.
  path: Assets/sprite muzzle flashes/Red/ef_3
  artifactKey: Guid(a519a983f8a90f84481dfd083e2754eb) Importer(815301076,1909f56bfc062723c751e8b465ee728b)
Start importing Assets/sprite muzzle flashes/Red/ef_3 using Guid(a519a983f8a90f84481dfd083e2754eb) Importer(815301076,1909f56bfc062723c751e8b465ee728b)  -> (artifact id: '02bd92ec520590e626d8b0316c3f0ee2') in 0.000423 seconds
Number of updated asset objects reloaded before import = 0
Number of asset objects unloaded after import = 0
========================================================================
Received Import Request.
  Time since last request: 0.057088 seconds.
  path: Assets/sprite muzzle flashes/Red/ef_3/ef_3_00000.png
  artifactKey: Guid(7258acc4bb643f241af4e931a0a8cc0a) Importer(815301076,1909f56bfc062723c751e8b465ee728b)
Start importing Assets/sprite muzzle flashes/Red/ef_3/ef_3_00000.png using Guid(7258acc4bb643f241af4e931a0a8cc0a) Importer(815301076,1909f56bfc062723c751e8b465ee728b)  -> (artifact id: '8fa9917a18d2f11c1097003986d8348e') in 0.035268 seconds
Number of updated asset objects reloaded before import = 0
Number of asset objects unloaded after import = 3
========================================================================
Received Import Request.
  Time since last request: 1.931681 seconds.
  path: Assets/sprite muzzle flashes/Red/ef_4
  artifactKey: Guid(14c8f7d8a5266ad44a0c96de517cc94c) Importer(815301076,1909f56bfc062723c751e8b465ee728b)
Start importing Assets/sprite muzzle flashes/Red/ef_4 using Guid(14c8f7d8a5266ad44a0c96de517cc94c) Importer(815301076,1909f56bfc062723c751e8b465ee728b)  -> (artifact id: '197d51a07d1208aaf7298dc26596bafc') in 0.000415 seconds
Number of updated asset objects reloaded before import = 0
Number of asset objects unloaded after import = 0
========================================================================
Received Import Request.
  Time since last request: 0.071745 seconds.
  path: Assets/sprite muzzle flashes/Red/ef_4/ef_4_00000.png
  artifactKey: Guid(dab5e25e5a4ed1f429e82045877371b9) Importer(815301076,1909f56bfc062723c751e8b465ee728b)
Start importing Assets/sprite muzzle flashes/Red/ef_4/ef_4_00000.png using Guid(dab5e25e5a4ed1f429e82045877371b9) Importer(815301076,1909f56bfc062723c751e8b465ee728b)  -> (artifact id: '145e7657d9477b1552610213c94d04ea') in 0.025965 seconds
Number of updated asset objects reloaded before import = 0
Number of asset objects unloaded after import = 3
========================================================================
Received Import Request.
  Time since last request: 4.969203 seconds.
  path: Assets/sprite muzzle flashes/AnimatedTexture.cs
  artifactKey: Guid(7070baea053b54b46a38477c710b665a) Importer(815301076,1909f56bfc062723c751e8b465ee728b)
Start importing Assets/sprite muzzle flashes/AnimatedTexture.cs using Guid(7070baea053b54b46a38477c710b665a) Importer(815301076,1909f56bfc062723c751e8b465ee728b)  -> (artifact id: '1af83268dfd4babe4b1762c58f03e691') in 0.000465 seconds
Number of updated asset objects reloaded before import = 0
Number of asset objects unloaded after import = 0
========================================================================
Received Import Request.
  Time since last request: 13.703473 seconds.
  path: Assets/sprite muzzle flashes/Red/uzi 2/uzi 2_00003.png
  artifactKey: Guid(c346f32b63f573f4080d205c576c6cb8) Importer(815301076,1909f56bfc062723c751e8b465ee728b)
Start importing Assets/sprite muzzle flashes/Red/uzi 2/uzi 2_00003.png using Guid(c346f32b63f573f4080d205c576c6cb8) Importer(815301076,1909f56bfc062723c751e8b465ee728b)  -> (artifact id: '811dee1fffa9ff2afcb8378733339824') in 0.029858 seconds
Number of updated asset objects reloaded before import = 0
Number of asset objects unloaded after import = 3
========================================================================
Received Import Request.
  Time since last request: 1.166525 seconds.
  path: Assets/sprite muzzle flashes/Red/ef_10/ef_10_00000.png
  artifactKey: Guid(77336b42205558d4186126b7393bdded) Importer(815301076,1909f56bfc062723c751e8b465ee728b)
Start importing Assets/sprite muzzle flashes/Red/ef_10/ef_10_00000.png using Guid(77336b42205558d4186126b7393bdded) Importer(815301076,1909f56bfc062723c751e8b465ee728b)  -> (artifact id: '548960033f80ef39b03e29df9474fb52') in 0.022570 seconds
Number of updated asset objects reloaded before import = 0
Number of asset objects unloaded after import = 3
========================================================================
Received Import Request.
  Time since last request: 10.124286 seconds.
  path: Assets/sprite muzzle flashes/Red/uzi 2
  artifactKey: Guid(9d37d2952cf68224a9d519df1d832bea) Importer(815301076,1909f56bfc062723c751e8b465ee728b)
Start importing Assets/sprite muzzle flashes/Red/uzi 2 using Guid(9d37d2952cf68224a9d519df1d832bea) Importer(815301076,1909f56bfc062723c751e8b465ee728b)  -> (artifact id: '25f520e4ecda5971eb226a469b8900b8') in 0.000427 seconds
Number of updated asset objects reloaded before import = 0
Number of asset objects unloaded after import = 0
========================================================================
Received Import Request.
  Time since last request: 3.090348 seconds.
  path: Assets/sprite muzzle flashes/Red/ef_10
  artifactKey: Guid(6e782f7f05caefd4ea8b98f9d74e8021) Importer(815301076,1909f56bfc062723c751e8b465ee728b)
Start importing Assets/sprite muzzle flashes/Red/ef_10 using Guid(6e782f7f05caefd4ea8b98f9d74e8021) Importer(815301076,1909f56bfc062723c751e8b465ee728b)  -> (artifact id: 'ab14947c450a241461ba32596f797557') in 0.000372 seconds
Number of updated asset objects reloaded before import = 0
Number of asset objects unloaded after import = 0
========================================================================
Received Import Request.
  Time since last request: 2.204723 seconds.
  path: Assets/sprite muzzle flashes/Red/ef_10/ef_10_00001.png
  artifactKey: Guid(a07eee8221c26cf41ad0c32c391d1182) Importer(815301076,1909f56bfc062723c751e8b465ee728b)
Start importing Assets/sprite muzzle flashes/Red/ef_10/ef_10_00001.png using Guid(a07eee8221c26cf41ad0c32c391d1182) Importer(815301076,1909f56bfc062723c751e8b465ee728b)  -> (artifact id: '567bc829ffc419e0ef6d8b683fc82ecd') in 0.040161 seconds
Number of updated asset objects reloaded before import = 0
Number of asset objects unloaded after import = 3
========================================================================
Received Import Request.
  Time since last request: 3.525240 seconds.
  path: Assets/sprite muzzle flashes/Red/ef_9
  artifactKey: Guid(29cfb5aa10487484ba7cddfdbf8f41d0) Importer(815301076,1909f56bfc062723c751e8b465ee728b)
Start importing Assets/sprite muzzle flashes/Red/ef_9 using Guid(29cfb5aa10487484ba7cddfdbf8f41d0) Importer(815301076,1909f56bfc062723c751e8b465ee728b)  -> (artifact id: '300b5655edeaabea6b3b8437226ca19a') in 0.000469 seconds
Number of updated asset objects reloaded before import = 0
Number of asset objects unloaded after import = 0
========================================================================
Received Import Request.
  Time since last request: 0.065263 seconds.
  path: Assets/sprite muzzle flashes/Red/ef_9/ef_9_00000.png
  artifactKey: Guid(59fc963c88017f244867d33ed23e1e2c) Importer(815301076,1909f56bfc062723c751e8b465ee728b)
Start importing Assets/sprite muzzle flashes/Red/ef_9/ef_9_00000.png using Guid(59fc963c88017f244867d33ed23e1e2c) Importer(815301076,1909f56bfc062723c751e8b465ee728b)  -> (artifact id: 'e1b30da3e27292ce3e18983b513ba75d') in 0.032738 seconds
Number of updated asset objects reloaded before import = 0
Number of asset objects unloaded after import = 3
========================================================================
Received Import Request.
  Time since last request: 2.127173 seconds.
  path: Assets/sprite muzzle flashes/Red/ef_8
  artifactKey: Guid(3973975c75f8b4045bce25d9ad39474c) Importer(815301076,1909f56bfc062723c751e8b465ee728b)
Start importing Assets/sprite muzzle flashes/Red/ef_8 using Guid(3973975c75f8b4045bce25d9ad39474c) Importer(815301076,1909f56bfc062723c751e8b465ee728b)  -> (artifact id: 'ee84292d5cedbe6c532de6da87b9ee8d') in 0.000416 seconds
Number of updated asset objects reloaded before import = 0
Number of asset objects unloaded after import = 0
========================================================================
Received Import Request.
  Time since last request: 0.058742 seconds.
  path: Assets/sprite muzzle flashes/Red/ef_8/ef_8_00000.png
  artifactKey: Guid(1dd4297211ffa344db106edb13789c7f) Importer(815301076,1909f56bfc062723c751e8b465ee728b)
Start importing Assets/sprite muzzle flashes/Red/ef_8/ef_8_00000.png using Guid(1dd4297211ffa344db106edb13789c7f) Importer(815301076,1909f56bfc062723c751e8b465ee728b)  -> (artifact id: 'db87c0783732238a916dea61e6c2f4d3') in 0.023558 seconds
Number of updated asset objects reloaded before import = 0
Number of asset objects unloaded after import = 3
========================================================================
Received Import Request.
  Time since last request: 0.000012 seconds.
  path: Assets/sprite muzzle flashes/Red/ef_8/ef_8_00003.png
  artifactKey: Guid(3a9eb837981934c4cb9cb22f2f271b3d) Importer(815301076,1909f56bfc062723c751e8b465ee728b)
Start importing Assets/sprite muzzle flashes/Red/ef_8/ef_8_00003.png using Guid(3a9eb837981934c4cb9cb22f2f271b3d) Importer(815301076,1909f56bfc062723c751e8b465ee728b)  -> (artifact id: 'b2d8c7dad4ff32fd16e5a29d61822e92') in 0.015084 seconds
Number of updated asset objects reloaded before import = 0
Number of asset objects unloaded after import = 3
========================================================================
Received Import Request.
  Time since last request: 2.705110 seconds.
  path: Assets/sprite muzzle flashes/Red/ef_7
  artifactKey: Guid(f40532abaf1f1734d99f2b20640c085a) Importer(815301076,1909f56bfc062723c751e8b465ee728b)
Start importing Assets/sprite muzzle flashes/Red/ef_7 using Guid(f40532abaf1f1734d99f2b20640c085a) Importer(815301076,1909f56bfc062723c751e8b465ee728b)  -> (artifact id: '7b204a89acf99fe312982094c1b99bd9') in 0.000428 seconds
Number of updated asset objects reloaded before import = 0
Number of asset objects unloaded after import = 0
========================================================================
Received Import Request.
  Time since last request: 0.070805 seconds.
  path: Assets/sprite muzzle flashes/Red/ef_7/ef_7_00000.png
  artifactKey: Guid(623a62c3c8b7a7f49a95e8f5477c6cb2) Importer(815301076,1909f56bfc062723c751e8b465ee728b)
Start importing Assets/sprite muzzle flashes/Red/ef_7/ef_7_00000.png using Guid(623a62c3c8b7a7f49a95e8f5477c6cb2) Importer(815301076,1909f56bfc062723c751e8b465ee728b)  -> (artifact id: 'dce69bea77431e51ec5093187f58d02d') in 0.038312 seconds
Number of updated asset objects reloaded before import = 0
Number of asset objects unloaded after import = 3
Editor requested this worker to shutdown with reason: Scaling down because of idle timeout
TcpMessagingSession - receive error: operation aborted. errorcode: 995, details: I/O-toiminto keskeytettiin joko säikeen poistumisen tai sovelluksen pyynnön vuoksi.
AssetImportWorker is now disconnected from the server
Process exiting
Exiting without the bug reporter. Application will terminate with return code 0